app/proguard-rules.pro
# Add project specific ProGuard rules here.
-keepattributes *Annotation*
-keep class com.hoho.android.usbserial.** { *; }