app/build/outputs/mapping/release/seeds.txt
team.night.canlink.MainActivity
team.night.canlink.MainActivity: MainActivity()
...
com.google.android.material.button.MaterialButton: void setBackgroundColor(int)
androidx.appcompat.widget.AppCompatEditText: android.content.res.ColorStateList getSupportBackgroundTintList()
androidx.core.view.ViewCompat$Api16Impl: void postInvalidateOnAnimation(android.view.View,int,int,int,int)
com.hoho.android.usbserial.driver.ChromeCcdSerialDriver: ChromeCcdSerialDriver(android.hardware.usb.UsbDevice)
androidx.constraintlayout.core.widgets.ConstraintWidget$DimensionBehaviour: androidx.constraintlayout.core.widgets.ConstraintWidget$DimensionBehaviour valueOf(java.lang.String)
androidx.appcompat.widget.AppCompatToggleButton: android.graphics.PorterDuff$Mode getSupportBackgroundTintMode()
com.google.android.material.button.MaterialButtonToggleGroup: int getVisibleButtonCount()
androidx.constraintlayout.widget.Guideline: void setGuidelinePercent(float)
androidx.appcompat.widget.AppCompatSpinner: android.graphics.PorterDuff$Mode getSupportBackgroundTintMode()
com.google.android.material.button.MaterialButton: int getIconPadding()
com.hoho.android.usbserial.driver.UsbSerialPort: void purgeHwBuffers(boolean,boolean)
androidx.core.graphics.drawable.DrawableCompat$Api23Impl: int getLayoutDirection(android.graphics.drawable.Drawable)
androidx.appcompat.widget.ActionBarContainer: void setSplitBackground(android.graphics.drawable.Drawable)
androidx.constraintlayout.widget.Guideline: void setGuidelineBegin(int)
androidx.appcompat.widget.AppCompatButton: android.graphics.PorterDuff$Mode getSupportBackgroundTintMode()
androidx.appcompat.widget.AppCompatTextView: androidx.appcompat.widget.AppCompatTextView$SuperCaller getSuperCaller()
androidx.fragment.app.SpecialEffectsController$Operation$State: androidx.fragment.app.SpecialEffectsController$Operation$State valueOf(java.lang.String)
androidx.appcompat.app.AppLocalesMetadataHolderService$Api24Impl: int getDisabledComponentFlag()
com.hoho.android.usbserial.util.SerialInputOutputManager: void step()
androidx.appcompat.widget.AppCompatRadioButton: void setSupportButtonTintMode(android.graphics.PorterDuff$Mode)
androidx.core.view.ViewCompat$Api17Impl: void setLayerPaint(android.view.View,android.graphics.Paint)
com.hoho.android.usbserial.driver.UsbSerialProber: com.hoho.android.usbserial.driver.ProbeTable getDefaultProbeTable()
androidx.core.view.ViewCompat$Api21Impl: boolean hasNestedScrollingParent(android.view.View)
androidx.recyclerview.widget.RecyclerView: int getBaseline()
com.google.android.material.radiobutton.MaterialRadioButton: void setUseMaterialThemeColors(boolean)
com.google.android.material.textfield.TextInputLayout: float getHintCollapsedTextHeight()
com.google.android.material.checkbox.MaterialCheckBox: android.content.res.ColorStateList getSuperButtonTintList()
android.support.v4.app.RemoteActionCompatParcelizer: RemoteActionCompatParcelizer()
androidx.lifecycle.ReportFragment$LifecycleCallbacks: void onActivitySaveInstanceState(android.app.Activity,android.os.Bundle)
com.google.android.material.textfield.MaterialAutoCompleteTextView: android.content.res.ColorStateList getSimpleItemSelectedRippleColor()
androidx.appcompat.widget.ActionBarContainer: ActionBarContainer(android.content.Context,android.util.AttributeSet)
com.google.android.material.chip.Chip: float getCloseIconEndPadding()
androidx.core.widget.TextViewCompat$Api17Impl: java.util.Locale getTextLocale(android.widget.TextView)
androidx.constraintlayout.widget.ConstraintLayout: void setId(int)
com.google.android.material.button.MaterialButton: android.content.res.ColorStateList getRippleColor()
com.hoho.android.usbserial.util.SerialInputOutputManager: void setThreadPriority(int)
androidx.appcompat.widget.Toolbar: void setSubtitleTextColor(android.content.res.ColorStateList)
com.google.android.material.textfield.TextInputLayout: float getBoxCornerRadiusTopStart()
com.hoho.android.usbserial.driver.ProlificSerialDriver$ProlificSerialPort: com.hoho.android.usbserial.driver.UsbSerialDriver getDriver()