app/build/outputs/mapping/release/mapping.txt
# compiler: R8
# compiler_version: 8.2.33
# min_api: 26
# common_typos_disable
# {"id":"com.android.tools.r8.mapping","version":"2.2"}
# pg_map_id: 8559570
# pg_map_hash: SHA-256 85595708c6ebfb31a39eef4eadb2f02c19d06cacee6c30c1611ac80a97b94553
team.night.canlink.CANableManager -> h2.a:
# {"id":"sourceFile","fileName":"CANableManager.kt"}
    android.content.Context context -> a
    com.hoho.android.usbserial.driver.UsbSerialPort usbSerialPort -> b
    com.hoho.android.usbserial.util.SerialInputOutputManager serialIoManager -> c
    kotlin.jvm.functions.Function1 onSpeedReceived -> d
      # {"id":"com.android.tools.r8.residualsignature","signature":"Lb2/l;"}
    kotlin.jvm.functions.Function1 onRpmReceived -> e
      # {"id":"com.android.tools.r8.residualsignature","signature":"Lb2/l;"}
    kotlin.jvm.functions.Function1 onCoolantTempReceived -> f
      # {"id":"com.android.tools.r8.residualsignature","signature":"Lb2/l;"}
    kotlin.jvm.functions.Function0 onConnected -> g
      # {"id":"com.android.tools.r8.residualsignature","signature":"Lb2/a;"}
    kotlin.jvm.functions.Function0 onDisconnected -> h
      # {"id":"com.android.tools.r8.residualsignature","signature":"Lb2/a;"}
    kotlin.jvm.functions.Function1 onError -> i
      # {"id":"com.android.tools.r8.residualsignature","signature":"Lb2/l;"}
    kotlin.jvm.functions.Function1 onDebugMessage -> j
      # {"id":"com.android.tools.r8.residualsignature","signature":"Lb2/l;"}
    boolean isConnected -> k
    boolean debugMode -> l
    java.lang.StringBuilder receiveBuffer -> m
    5:9:void <init>(android.content.Context):18:18 -> <init>
    10:17:void <init>(android.content.Context):53:53 -> <init>
    6:12:void debug(java.lang.String):360:360 -> a
team.night.canlink.MainActivity -> team.night.canlink.MainActivity:
# {"id":"sourceFile","fileName":"MainActivity.kt"}
    java.lang.Integer lastTempC -> A
    team.night.canlink.MainActivity$usbPermissionReceiver$1 usbPermissionReceiver -> B
      # {"id":"com.android.tools.r8.residualsignature","signature":"Lh2/i;"}
    team.night.canlink.MainActivity$usbDetachReceiver$1 usbDetachReceiver -> C
      # {"id":"com.android.tools.r8.residualsignature","signature":"Lh2/i;"}
    int $r8$clinit -> D
      # {"id":"com.android.tools.r8.synthesized"}
    team.night.canlink.databinding.ActivityMainBinding binding -> t
      # {"id":"com.android.tools.r8.residualsignature","signature":"Lt1/k;"}
    team.night.canlink.CANableManager canableManager -> u
      # {"id":"com.android.tools.r8.residualsignature","signature":"Lh2/a;"}
    java.util.Timer pollingTimer -> v
    android.os.Handler mainHandler -> w
    boolean useMiles -> x
    boolean useFahrenheit -> y
    java.lang.Integer lastSpeedKmh -> z
    0:4:void androidx.appcompat.app.AppCompatActivity.<init>():96:96 -> <init>
    0:4:void <init>():21 -> <init>
    5:6:androidx.savedstate.SavedStateRegistry androidx.savedstate.SavedStateRegistryController.getSavedStateRegistry():33:33 -> <init>
    5:6:androidx.savedstate.SavedStateRegistry androidx.activity.ComponentActivity.getSavedStateRegistry():690 -> <init>
...
android.app.AppComponentFactory -> android.app.AppComponentFactory:
# {"id":"com.android.tools.r8.synthesized"}
android.support.v4.app.RemoteActionCompatParcelizer -> android.support.v4.app.RemoteActionCompatParcelizer:
# {"id":"sourceFile","fileName":"RemoteActionCompatParcelizer.java"}
    0:3:void <init>():11:11 -> <init>
    0:4:androidx.core.app.RemoteActionCompat read(androidx.versionedparcelable.VersionedParcel):13:13 -> read
      # {"id":"com.android.tools.r8.residualsignature","signature":"(Lb1/a;)Landroidx/core/app/RemoteActionCompat;"}
    0:3:void write(androidx.core.app.RemoteActionCompat,androidx.versionedparcelable.VersionedParcel):17:17 -> write
      # {"id":"com.android.tools.r8.residualsignature","signature":"(Landroidx/core/app/RemoteActionCompat;Lb1/a;)V"}
android.support.v4.graphics.drawable.IconCompatParcelizer -> android.support.v4.graphics.drawable.IconCompatParcelizer:
# {"id":"sourceFile","fileName":"IconCompatParcelizer.java"}
    0:3:void <init>():11:11 -> <init>
    0:4:androidx.core.graphics.drawable.IconCompat read(androidx.versionedparcelable.VersionedParcel):13:13 -> read
      # {"id":"com.android.tools.r8.residualsignature","signature":"(Lb1/a;)Landroidx/core/graphics/drawable/IconCompat;"}
    0:3:void write(androidx.core.graphics.drawable.IconCompat,androidx.versionedparcelable.VersionedParcel):17:17 -> write
      # {"id":"com.android.tools.r8.residualsignature","signature":"(Landroidx/core/graphics/drawable/IconCompat;Lb1/a;)V"}
android.view.OnReceiveContentListener -> android.view.OnReceiveContentListener:
# {"id":"com.android.tools.r8.synthesized"}
android.view.WindowInsetsAnimation$Callback -> android.view.WindowInsetsAnimation$Callback:
# {"id":"com.android.tools.r8.synthesized"}
androidx.activity.Cancellable -> androidx.activity.a:
# {"id":"sourceFile","fileName":"Cancellable.java"}
androidx.activity.ComponentActivity -> androidx.activity.j:
# {"id":"sourceFile","fileName":"ComponentActivity.java"}
    androidx.activity.contextaware.ContextAwareHelper mContextAwareHelper -> b
      # {"id":"com.android.tools.r8.residualsignature","signature":"La/a;"}
    androidx.core.view.MenuHostHelper mMenuHostHelper -> c
      # {"id":"com.android.tools.r8.residualsignature","signature":"Landroidx/activity/result/d;"}
    androidx.lifecycle.LifecycleRegistry mLifecycleRegistry -> d
      # {"id":"com.android.tools.r8.residualsignature","signature":"Landroidx/lifecycle/t;"}
    androidx.savedstate.SavedStateRegistryController mSavedStateRegistryController -> e
      # {"id":"com.android.tools.r8.residualsignature","signature":"Lw0/e;"}
    androidx.lifecycle.ViewModelStore mViewModelStore -> f
      # {"id":"com.android.tools.r8.residualsignature","signature":"Landroidx/lifecycle/p0;"}
    androidx.activity.OnBackPressedDispatcher mOnBackPressedDispatcher -> g
      # {"id":"com.android.tools.r8.residualsignature","signature":"Landroidx/activity/q;"}
    androidx.activity.result.ActivityResultRegistry mActivityResultRegistry -> h
      # {"id":"com.android.tools.r8.residualsignature","signature":"Landroidx/activity/g;"}
    java.util.concurrent.CopyOnWriteArrayList mOnConfigurationChangedListeners -> i
    java.util.concurrent.CopyOnWriteArrayList mOnTrimMemoryListeners -> j
    java.util.concurrent.CopyOnWriteArrayList mOnNewIntentListeners -> k