app/build/outputs/mapping/release/usage.txt
team.night.canlink.CANableManager:
    private static final int DEFAULT_BAUD_RATE
    private static final int DEFAULT_CAN_SPEED
    private static final int OBD_REQUEST_ID
    private static final int PID_COOLANT_TEMP
    private static final int PID_ENGINE_RPM
    private static final int PID_VEHICLE_SPEED
    private static final int SERVICE_CURRENT_DATA
    private static final java.lang.String TAG
    public final kotlin.jvm.functions.Function0 getOnConnected()
    public final kotlin.jvm.functions.Function1 getOnCoolantTempReceived()
    public final kotlin.jvm.functions.Function1 getOnDebugMessage()
    public final kotlin.jvm.functions.Function0 getOnDisconnected()
    public final kotlin.jvm.functions.Function1 getOnError()
    public final kotlin.jvm.functions.Function1 getOnRpmReceived()
    public final kotlin.jvm.functions.Function1 getOnSpeedReceived()
team.night.canlink.MainActivity:
    private static final java.lang.String ACTION_USB_PERMISSION
    private static final java.lang.String PREFS_NAME
    private static final java.lang.String PREF_USE_FAHRENHEIT
    private static final java.lang.String PREF_USE_MILES
team.night.canlink.R$color
team.night.canlink.R$drawable
team.night.canlink.R$id:
    private void <init>()
team.night.canlink.R$layout:
    private void <init>()
team.night.canlink.R$mipmap
team.night.canlink.R$string
team.night.canlink.R$style
team.night.canlink.R$xml
team.night.canlink.R
team.night.canlink.databinding.ActivityMainBinding:
    public synthetic bridge android.view.View getRoot()
team.night.canlink.CANableManager$Companion
team.night.canlink.CANableManager:
    public static final kotlin.collections.AbstractList$Companion Companion
    static void <clinit>()
    public static boolean connect()
    public static java.util.List findDevices()
    public static boolean isConnected()
    public static void parseReceivedFrame()
    public static void requestAllData()
    public static void requestCoolantTemp()
    public final void requestRpm()
    public final void requestSpeed()
    public static void sendStandardFrame()
    public static void setDebugMode()
    public static void setOnConnected()
    public static void setOnCoolantTempReceived()
    public static void setOnDebugMessage()
    public static void setOnDisconnected()
    public static void setOnError()
    public static void setOnRpmReceived()
    public static void setOnSpeedReceived()
team.night.canlink.MainActivity$$InternalSyntheticLambda$2$2bfca82263632a6b22dbe7d458cc0ad3e6d1ce9fa07d84bce9099abf6c974379$1
team.night.canlink.MainActivity$$InternalSyntheticLambda$2$2bfca82263632a6b22dbe7d458cc0ad3e6d1ce9fa07d84bce9099abf6c974379$2
team.night.canlink.MainActivity$$InternalSyntheticLambda$2$2bfca82263632a6b22dbe7d458cc0ad3e6d1ce9fa07d84bce9099abf6c974379$3
team.night.canlink.MainActivity$$InternalSyntheticLambda$2$2bfca82263632a6b22dbe7d458cc0ad3e6d1ce9fa07d84bce9099abf6c974379$4
team.night.canlink.MainActivity$$InternalSyntheticLambda$2$2bfca82263632a6b22dbe7d458cc0ad3e6d1ce9fa07d84bce9099abf6c974379$5
team.night.canlink.MainActivity$Companion
team.night.canlink.MainActivity$setupCANableCallbacks$2$$InternalSyntheticLambda$2$f234eda6d2f9e7232f127ee25101fdc05340ca8c0187281ec59dd1f92b387528$0
team.night.canlink.MainActivity$setupCANableCallbacks$2
team.night.canlink.MainActivity$setupCANableCallbacks$3$$InternalSyntheticLambda$2$9b9c0d78b7a112f88f9ba38679df32f2bf26a42e2f672c49a5b188c1e982178d$0
team.night.canlink.MainActivity$setupCANableCallbacks$3
team.night.canlink.MainActivity$setupCANableCallbacks$4:
    public static androidx.lifecycle.SavedStateHandlesVM invoke$1()
team.night.canlink.MainActivity$setupCANableCallbacks$5$$InternalSyntheticLambda$2$a187156610249b12b8ce7d5c942471022cdbde3a9ab57bc8cb286dee3ace05b8$0
team.night.canlink.MainActivity$setupCANableCallbacks$5
team.night.canlink.MainActivity$setupCANableCallbacks$6
...
kotlin.internal.NoInfer
kotlin.internal.OnlyInputTypes
kotlin.internal.PlatformDependent
kotlin.internal.PlatformImplementations:
    public kotlin.text.MatchGroup getMatchResultNamedGroup(java.util.regex.MatchResult,java.lang.String)
    public java.util.List getSuppressed(java.lang.Throwable)
kotlin.internal.PlatformImplementationsKt:
    public static final boolean apiVersionIsAtLeast(int,int,int)
    private static final synthetic java.lang.Object castToBaseType(java.lang.Object)
kotlin.internal.ProgressionUtilKt:
    private static final long differenceModulo(long,long,long)
    public static final long getProgressionLastElement(long,long,long)
    private static final long mod(long,long)
kotlin.internal.PureReifiable
kotlin.internal.RequireKotlin$Container
kotlin.internal.RequireKotlin
kotlin.internal.RequireKotlinVersionKind
kotlin.internal.UProgressionUtilKt
kotlin.internal.jdk7.JDK7PlatformImplementations:
    public java.util.List getSuppressed(java.lang.Throwable)
kotlin.internal.jdk8.JDK8PlatformImplementations:
    public kotlin.text.MatchGroup getMatchResultNamedGroup(java.util.regex.MatchResult,java.lang.String)
kotlin.io.AccessDeniedException
kotlin.io.ByteStreamsKt$iterator$1
kotlin.io.ByteStreamsKt
kotlin.io.CloseableKt:
    private static final java.lang.Object use(java.io.Closeable,kotlin.jvm.functions.Function1)
kotlin.io.ConsoleKt
kotlin.io.ConstantsKt
kotlin.io.ExceptionsKt
kotlin.io.ExposingBufferByteArrayOutputStream
kotlin.io.FileAlreadyExistsException
kotlin.io.FilePathComponents
kotlin.io.FileSystemException
kotlin.io.FileTreeWalk$DirectoryState
kotlin.io.FileTreeWalk$FileTreeWalkIterator$BottomUpDirectoryState
kotlin.io.FileTreeWalk$FileTreeWalkIterator$SingleFileState
kotlin.io.FileTreeWalk$FileTreeWalkIterator$TopDownDirectoryState
kotlin.io.FileTreeWalk$FileTreeWalkIterator$WhenMappings
kotlin.io.FileTreeWalk$FileTreeWalkIterator
kotlin.io.FileTreeWalk$WalkState
kotlin.io.FileTreeWalk
kotlin.io.FileWalkDirection
kotlin.io.FilesKt
kotlin.io.FilesKt__FilePathComponentsKt
kotlin.io.FilesKt__FileReadWriteKt$readLines$1
kotlin.io.FilesKt__FileReadWriteKt
kotlin.io.FilesKt__FileTreeWalkKt
kotlin.io.FilesKt__UtilsKt$copyRecursively$1
kotlin.io.FilesKt__UtilsKt$copyRecursively$2
kotlin.io.FilesKt__UtilsKt
kotlin.io.LineReader
kotlin.io.LinesSequence$iterator$1
kotlin.io.LinesSequence
kotlin.io.NoSuchFileException
kotlin.io.OnErrorAction
kotlin.io.ReadAfterEOFException
kotlin.io.SerializableKt
kotlin.io.TerminateException
kotlin.io.TextStreamsKt$readLines$1
kotlin.io.TextStreamsKt
kotlin.io.encoding.Base64$Default
kotlin.io.encoding.Base64
kotlin.io.encoding.Base64JVMKt
kotlin.io.encoding.Base64Kt
kotlin.io.encoding.DecodeInputStream
kotlin.io.encoding.EncodeOutputStream
kotlin.io.encoding.ExperimentalEncodingApi
kotlin.io.encoding.StreamEncodingKt
kotlin.io.encoding.StreamEncodingKt__Base64IOStreamKt
kotlin.io.path.CopyActionContext
kotlin.io.path.CopyActionResult
kotlin.io.path.DefaultCopyActionContext
kotlin.io.path.DirectoryEntriesReader
kotlin.io.path.ExceptionsCollector
kotlin.io.path.ExperimentalPathApi
kotlin.io.path.FileVisitorBuilder
kotlin.io.path.FileVisitorBuilderImpl
kotlin.io.path.FileVisitorImpl
kotlin.io.path.LinkFollowing
kotlin.io.path.OnErrorResult
kotlin.io.path.PathNode
kotlin.io.path.PathRelativizer
kotlin.io.path.PathTreeWalk$bfsIterator$1
kotlin.io.path.PathTreeWalk$dfsIterator$1
kotlin.io.path.PathTreeWalk
kotlin.io.path.PathTreeWalkKt
kotlin.io.path.PathWalkOption
kotlin.io.path.PathsKt
kotlin.io.path.PathsKt__PathReadWriteKt
kotlin.io.path.PathsKt__PathRecursiveFunctionsKt$WhenMappings
kotlin.io.path.PathsKt__PathRecursiveFunctionsKt$copyToRecursively$1
kotlin.io.path.PathsKt__PathRecursiveFunctionsKt$copyToRecursively$2
kotlin.io.path.PathsKt__PathRecursiveFunctionsKt$copyToRecursively$3
kotlin.io.path.PathsKt__PathRecursiveFunctionsKt$copyToRecursively$4
kotlin.io.path.PathsKt__PathRecursiveFunctionsKt$copyToRecursively$5$1